<?xml version="1.0" encoding="UTF-8"?>
<!-- Generated by org.testng.reporters.JUnitReportReporter -->
<testsuite skipped="0" hostname="DESKTOP-Q028GGN" name="test.TestCompraAmazon" tests="1" failures="0" timestamp="09 jul 2019 20:05:44 GMT" time="22.721" errors="0">
  <testcase name="testMail" time="22.721" classname="test.TestCompraAmazon"/>
</testsuite> <!-- test.TestCompraAmazon -->
