<?xml version="1.0" encoding="UTF-8"?>
<!-- Generated by org.testng.reporters.JUnitReportReporter -->
<testsuite skipped="0" hostname="DESKTOP-Q028GGN" name="test.TestCompraAmazon" tests="1" failures="0" timestamp="10 jul 2019 20:35:11 GMT" time="50.029" errors="0">
  <testcase name="testMail" time="50.029" classname="test.TestCompraAmazon"/>
</testsuite> <!-- test.TestCompraAmazon -->
