<?xml version="1.0" encoding="UTF-8"?>
<!-- Generated by org.testng.reporters.JUnitReportReporter -->
<testsuite skipped="0" hostname="DESKTOP-Q028GGN" name="test.TestCompraAmazon" tests="1" failures="0" timestamp="10 jul 2019 15:16:14 GMT" time="16.915" errors="0">
  <testcase name="testMail" time="16.915" classname="test.TestCompraAmazon"/>
</testsuite> <!-- test.TestCompraAmazon -->
