<?xml version="1.0" encoding="UTF-8"?>
<!-- Generated by org.testng.reporters.JUnitReportReporter -->
<testsuite skipped="0" hostname="DESKTOP-Q028GGN" name="test.TestPom" tests="1" failures="0" timestamp="06 ago 2019 15:41:06 GMT" time="17.274" errors="0">
  <testcase name="testMail" time="17.274" classname="test.TestPom"/>
</testsuite> <!-- test.TestPom -->
