<?xml version="1.0" encoding="UTF-8"?>
<!-- Generated by org.testng.reporters.JUnitReportReporter -->
<testsuite skipped="0" hostname="DESKTOP-Q028GGN" name="test.TestPom" tests="1" failures="0" timestamp="08 ago 2019 20:39:43 GMT" time="6.630" errors="0">
  <testcase name="testMail" time="6.630" classname="test.TestPom"/>
</testsuite> <!-- test.TestPom -->
