<?xml version="1.0" encoding="UTF-8"?>
<!-- Generated by org.testng.reporters.JUnitReportReporter -->
<testsuite skipped="0" hostname="DESKTOP-Q028GGN" name="test.TestPom" tests="1" failures="0" timestamp="05 ago 2019 16:58:15 GMT" time="7.988" errors="0">
  <testcase name="testMail" time="7.988" classname="test.TestPom"/>
</testsuite> <!-- test.TestPom -->
