<?xml version="1.0" encoding="UTF-8"?>
<!-- Generated by org.testng.reporters.JUnitReportReporter -->
<testsuite skipped="0" hostname="DESKTOP-Q028GGN" name="test.TestPhpTravels" tests="1" failures="0" timestamp="19 jul 2019 14:26:23 GMT" time="69.533" errors="0">
  <testcase name="testMail" time="69.533" classname="test.TestPhpTravels"/>
</testsuite> <!-- test.TestPhpTravels -->
