<?xml version="1.0" encoding="UTF-8"?>
<!-- Generated by org.testng.reporters.JUnitReportReporter -->
<testsuite skipped="0" hostname="DESKTOP-Q028GGN" name="test.TestPhpTravels" tests="1" failures="0" timestamp="18 jul 2019 18:22:10 GMT" time="55.771" errors="0">
  <testcase name="testMail" time="55.771" classname="test.TestPhpTravels"/>
</testsuite> <!-- test.TestPhpTravels -->
