<?xml version="1.0" encoding="UTF-8"?>
<!-- Generated by org.testng.reporters.JUnitReportReporter -->
<testsuite skipped="0" hostname="DESKTOP-Q028GGN" name="test.TestPhpTravels" tests="1" failures="0" timestamp="30 jul 2019 20:06:54 GMT" time="0.919" errors="0">
  <testcase name="testMail" time="0.919" classname="test.TestPhpTravels"/>
</testsuite> <!-- test.TestPhpTravels -->
