<?xml version="1.0" encoding="UTF-8"?>
<!-- Generated by org.testng.reporters.JUnitReportReporter -->
<testsuite skipped="0" hostname="DESKTOP-Q028GGN" name="test.TestPhpTravels" tests="1" failures="0" timestamp="25 jul 2019 17:17:07 GMT" time="21.126" errors="0">
  <testcase name="testMail" time="21.126" classname="test.TestPhpTravels"/>
</testsuite> <!-- test.TestPhpTravels -->
