<?xml version="1.0" encoding="UTF-8"?>
<!-- Generated by org.testng.reporters.JUnitReportReporter -->
<testsuite skipped="0" hostname="DESKTOP-Q028GGN" name="test.TestPhpTravels" tests="1" failures="0" timestamp="22 jul 2019 17:41:16 GMT" time="1.368" errors="0">
  <testcase name="testMail" time="1.368" classname="test.TestPhpTravels"/>
</testsuite> <!-- test.TestPhpTravels -->
