<?xml version="1.0" encoding="UTF-8"?>
<!-- Generated by org.testng.reporters.JUnitReportReporter -->
<testsuite skipped="0" hostname="DESKTOP-Q028GGN" name="test.TestPhpTravels" tests="1" failures="0" timestamp="23 jul 2019 21:30:32 GMT" time="1.712" errors="0">
  <testcase name="testMail" time="1.712" classname="test.TestPhpTravels"/>
</testsuite> <!-- test.TestPhpTravels -->
