<?xml version="1.0" encoding="UTF-8"?>
<!-- Generated by org.testng.reporters.JUnitReportReporter -->
<testsuite hostname="LENOVOKIUX" failures="0" tests="2" name="test.TestScenarios" time="6.202" errors="0" timestamp="2024-04-29T16:52:25 CDT" skipped="1">
  <testcase classname="test.TestScenarios" name="testingSauceLabs" time="6.202"/>
  <system-out/>
  <testcase classname="test.TestScenarios" name="navigateToGoogle">
    <skipped/>
  </testcase> <!-- navigateToGoogle -->
  <system-out/>
</testsuite> <!-- test.TestScenarios -->
